[ 2016-03-17T14:37:02+08:00 ] ::1 /PHPstorm_projects/HumanResourcesSystem/index.php/Index/test
INFO: [ app_init ] --START--
INFO: Run Behavior\BuildLiteBehavior [ RunTime:0.000023s ]
INFO: [ app_init ] --END-- [ RunTime:0.000371s ]
ERR: 无法加载模块:Index

[ 2016-03-17T14:37:03+08:00 ] ::1 /PHPstorm_projects/HumanResourcesSystem/index.php/Index/test
INFO: [ app_init ] --START--
INFO: Run Behavior\BuildLiteBehavior [ RunTime:0.000025s ]
INFO: [ app_init ] --END-- [ RunTime:0.000424s ]
ERR: 无法加载模块:Index

[ 2016-03-17T14:37:04+08:00 ] ::1 /PHPstorm_projects/HumanResourcesSystem/index.php/Index/test
INFO: [ app_init ] --START--
INFO: Run Behavior\BuildLiteBehavior [ RunTime:0.000044s ]
INFO: [ app_init ] --END-- [ RunTime:0.000647s ]
ERR: 无法加载模块:Index

[ 2016-03-17T14:37:04+08:00 ] ::1 /PHPstorm_projects/HumanResourcesSystem/index.php/Index/test
INFO: [ app_init ] --START--
INFO: Run Behavior\BuildLiteBehavior [ RunTime:0.000048s ]
INFO: [ app_init ] --END-- [ RunTime:0.000698s ]
ERR: 无法加载模块:Index

